# JRE version: Java(TM) SE Runtime Environment (8.0_25-b18) (build 1.8.0_25-b18)
# Java VM: Java HotSpot(TM) 64-Bit Server VM (25.25-b02 mixed mode windows-amd64 compressed oops)
Heap:
 PSYoungGen      total 67584K, used 33952K [0x00000000f5580000, 0x00000000f9e00000, 0x0000000100000000)
  eden space 60928K, 55% used [0x00000000f5580000,0x00000000f76a80a0,0x00000000f9100000)
  from space 6656K, 0% used [0x00000000f9100000,0x00000000f9100000,0x00000000f9780000)
  to   space 6656K, 0% used [0x00000000f9780000,0x00000000f9780000,0x00000000f9e00000)
 ParOldGen       total 56832K, used 41656K [0x00000000e0000000, 0x00000000e3780000, 0x00000000f5580000)
  object space 56832K, 73% used [0x00000000e0000000,0x00000000e28ae058,0x00000000e3780000)
 Metaspace       used 88349K, capacity 94202K, committed 94464K, reserved 1130496K
  class space    used 10847K, capacity 12738K, committed 12800K, reserved 1048576K
GC Heap History (10 events):
Event: 1925.633 GC heap before
{Heap before GC invocations=74 (full 25):
 PSYoungGen      total 61440K, used 416K [0x00000000f5580000, 0x00000000f9f00000, 0x0000000100000000)
  eden space 60928K, 0% used [0x00000000f5580000,0x00000000f5580000,0x00000000f9100000)
  from space 512K, 81% used [0x00000000f9100000,0x00000000f9168000,0x00000000f9180000)
  to   space 7168K, 0% used [0x00000000f9800000,0x00000000f9800000,0x00000000f9f00000)
 ParOldGen       total 56832K, used 41667K [0x00000000e0000000, 0x00000000e3780000, 0x00000000f5580000)
  object space 56832K, 73% used [0x00000000e0000000,0x00000000e28b0e88,0x00000000e3780000)
 Metaspace       used 87823K, capacity 93872K, committed 94208K, reserved 1130496K
  class space    used 10797K, capacity 12673K, committed 12800K, reserved 1048576K
Event: 1925.801 GC heap after
Heap after GC invocations=74 (full 25):
 PSYoungGen      total 61440K, used 0K [0x00000000f5580000, 0x00000000f9f00000, 0x0000000100000000)
  eden space 60928K, 0% used [0x00000000f5580000,0x00000000f5580000,0x00000000f9100000)
  from space 512K, 0% used [0x00000000f9100000,0x00000000f9100000,0x00000000f9180000)
  to   space 7168K, 0% used [0x00000000f9800000,0x00000000f9800000,0x00000000f9f00000)
 ParOldGen       total 56832K, used 41774K [0x00000000e0000000, 0x00000000e3780000, 0x00000000f5580000)
  object space 56832K, 73% used [0x00000000e0000000,0x00000000e28cb9f0,0x00000000e3780000)
 Metaspace       used 87823K, capacity 93872K, committed 94208K, reserved 1130496K
  class space    used 10797K, capacity 12673K, committed 12800K, reserved 1048576K
}
Event: 1985.638 GC heap before
{Heap before GC invocations=75 (full 25):
 PSYoungGen      total 61440K, used 2873K [0x00000000f5580000, 0x00000000f9f00000, 0x0000000100000000)
  eden space 60928K, 4% used [0x00000000f5580000,0x00000000f584e650,0x00000000f9100000)
  from space 512K, 0% used [0x00000000f9100000,0x00000000f9100000,0x00000000f9180000)
  to   space 7168K, 0% used [0x00000000f9800000,0x00000000f9800000,0x00000000f9f00000)
 ParOldGen       total 56832K, used 41774K [0x00000000e0000000, 0x00000000e3780000, 0x00000000f5580000)
  object space 56832K, 73% used [0x00000000e0000000,0x00000000e28cb9f0,0x00000000e3780000)
 Metaspace       used 87826K, capacity 93872K, committed 94208K, reserved 1130496K
  class space    used 10797K, capacity 12673K, committed 12800K, reserved 1048576K
Event: 1985.641 GC heap after
Heap after GC invocations=75 (full 25):
 PSYoungGen      total 67072K, used 224K [0x00000000f5580000, 0x00000000f9e00000, 0x0000000100000000)
  eden space 60928K, 0% used [0x00000000f5580000,0x00000000f5580000,0x00000000f9100000)
  from space 6144K, 3% used [0x00000000f9800000,0x00000000f9838000,0x00000000f9e00000)
  to   space 6656K, 0% used [0x00000000f9100000,0x00000000f9100000,0x00000000f9780000)
 ParOldGen       total 56832K, used 41782K [0x00000000e0000000, 0x00000000e3780000, 0x00000000f5580000)
  object space 56832K, 73% used [0x00000000e0000000,0x00000000e28cd9f0,0x00000000e3780000)
 Metaspace       used 87826K, capacity 93872K, committed 94208K, reserved 1130496K
  class space    used 10797K, capacity 12673K, committed 12800K, reserved 1048576K
}
Event: 1985.641 GC heap before
{Heap before GC invocations=76 (full 26):
 PSYoungGen      total 67072K, used 224K [0x00000000f5580000, 0x00000000f9e00000, 0x0000000100000000)
  eden space 60928K, 0% used [0x00000000f5580000,0x00000000f5580000,0x00000000f9100000)
  from space 6144K, 3% used [0x00000000f9800000,0x00000000f9838000,0x00000000f9e00000)
  to   space 6656K, 0% used [0x00000000f9100000,0x00000000f9100000,0x00000000f9780000)
 ParOldGen       total 56832K, used 41782K [0x00000000e0000000, 0x00000000e3780000, 0x00000000f5580000)
  object space 56832K, 73% used [0x00000000e0000000,0x00000000e28cd9f0,0x00000000e3780000)
 Metaspace       used 87826K, capacity 93872K, committed 94208K, reserved 1130496K
  class space    used 10797K, capacity 12673K, committed 12800K, reserved 1048576K
Event: 1985.786 GC heap after
Heap after GC invocations=76 (full 26):
 PSYoungGen      total 67072K, used 0K [0x00000000f5580000, 0x00000000f9e00000, 0x0000000100000000)
  eden space 60928K, 0% used [0x00000000f5580000,0x00000000f5580000,0x00000000f9100000)
  from space 6144K, 0% used [0x00000000f9800000,0x00000000f9800000,0x00000000f9e00000)
  to   space 6656K, 0% used [0x00000000f9100000,0x00000000f9100000,0x00000000f9780000)
 ParOldGen       total 56832K, used 41655K [0x00000000e0000000, 0x00000000e3780000, 0x00000000f5580000)
  object space 56832K, 73% used [0x00000000e0000000,0x00000000e28ade98,0x00000000e3780000)
 Metaspace       used 87826K, capacity 93872K, committed 94208K, reserved 1130496K
  class space    used 10797K, capacity 12673K, committed 12800K, reserved 1048576K
}
Event: 2045.651 GC heap before
{Heap before GC invocations=77 (full 26):
 PSYoungGen      total 67072K, used 2848K [0x00000000f5580000, 0x00000000f9e00000, 0x0000000100000000)
  eden space 60928K, 4% used [0x00000000f5580000,0x00000000f58480a0,0x00000000f9100000)
  from space 6144K, 0% used [0x00000000f9800000,0x00000000f9800000,0x00000000f9e00000)
  to   space 6656K, 0% used [0x00000000f9100000,0x00000000f9100000,0x00000000f9780000)
 ParOldGen       total 56832K, used 41655K [0x00000000e0000000, 0x00000000e3780000, 0x00000000f5580000)
  object space 56832K, 73% used [0x00000000e0000000,0x00000000e28ade98,0x00000000e3780000)
 Metaspace       used 87827K, capacity 93872K, committed 94208K, reserved 1130496K
  class space    used 10797K, capacity 12673K, committed 12800K, reserved 1048576K
Event: 2045.656 GC heap after
Heap after GC invocations=77 (full 26):
 PSYoungGen      total 67584K, used 224K [0x00000000f5580000, 0x00000000f9e00000, 0x0000000100000000)
  eden space 60928K, 0% used [0x00000000f5580000,0x00000000f5580000,0x00000000f9100000)
  from space 6656K, 3% used [0x00000000f9100000,0x00000000f9138000,0x00000000f9780000)
  to   space 6656K, 0% used [0x00000000f9780000,0x00000000f9780000,0x00000000f9e00000)
 ParOldGen       total 56832K, used 41663K [0x00000000e0000000, 0x00000000e3780000, 0x00000000f5580000)
  object space 56832K, 73% used [0x00000000e0000000,0x00000000e28afe98,0x00000000e3780000)
 Metaspace       used 87827K, capacity 93872K, committed 94208K, reserved 1130496K
  class space    used 10797K, capacity 12673K, committed 12800K, reserved 1048576K
}
Event: 2045.656 GC heap before
{Heap before GC invocations=78 (full 27):
 PSYoungGen      total 67584K, used 224K [0x00000000f5580000, 0x00000000f9e00000, 0x0000000100000000)
  eden space 60928K, 0% used [0x00000000f5580000,0x00000000f5580000,0x00000000f9100000)
  from space 6656K, 3% used [0x00000000f9100000,0x00000000f9138000,0x00000000f9780000)
  to   space 6656K, 0% used [0x00000000f9780000,0x00000000f9780000,0x00000000f9e00000)
 ParOldGen       total 56832K, used 41663K [0x00000000e0000000, 0x00000000e3780000, 0x00000000f5580000)
  object space 56832K, 73% used [0x00000000e0000000,0x00000000e28afe98,0x00000000e3780000)
 Metaspace       used 87827K, capacity 93872K, committed 94208K, reserved 1130496K
  class space    used 10797K, capacity 12673K, committed 12800K, reserved 1048576K
Event: 2045.813 GC heap after
Heap after GC invocations=78 (full 27):
 PSYoungGen      total 67584K, used 0K [0x00000000f5580000, 0x00000000f9e00000, 0x0000000100000000)
  eden space 60928K, 0% used [0x00000000f5580000,0x00000000f5580000,0x00000000f9100000)
  from space 6656K, 0% used [0x00000000f9100000,0x00000000f9100000,0x00000000f9780000)
  to   space 6656K, 0% used [0x00000000f9780000,0x00000000f9780000,0x00000000f9e00000)
 ParOldGen       total 56832K, used 41656K [0x00000000e0000000, 0x00000000e3780000, 0x00000000f5580000)
  object space 56832K, 73% used [0x00000000e0000000,0x00000000e28ae058,0x00000000e3780000)
 Metaspace       used 87827K, capacity 93872K, committed 94208K, reserved 1130496K
  class space    used 10797K, capacity 12673K, committed 12800K, reserved 1048576K
}

